# JRE version: OpenJDK Runtime Environment (11.0.2+9) (build 11.0.2+9)
# Java VM: OpenJDK 64-Bit Server VM (11.0.2+9, mixed mode, tiered, compressed oops, g1 gc, windows-amd64)
Heap:
 garbage-first heap   total 210944K, used 148425K [0x0000000740000000, 0x0000000800000000)
  region size 1024K, 57 young (58368K), 1 survivors (1024K)
 Metaspace       used 97688K, capacity 99150K, committed 100304K, reserved 1136640K
  class space    used 13098K, capacity 13684K, committed 14208K, reserved 1048576K
GC Heap History (10 events):
Event: 22246.103 GC heap before
{Heap before GC invocations=836 (full 33):
 garbage-first heap   total 210944K, used 150866K [0x0000000740000000, 0x0000000800000000)
  region size 1024K, 60 young (61440K), 4 survivors (4096K)
 Metaspace       used 97609K, capacity 99050K, committed 100304K, reserved 1136640K
  class space    used 13096K, capacity 13680K, committed 14208K, reserved 1048576K
}
Event: 22246.107 GC heap after
{Heap after GC invocations=837 (full 33):
 garbage-first heap   total 210944K, used 95946K [0x0000000740000000, 0x0000000800000000)
  region size 1024K, 6 young (6144K), 6 survivors (6144K)
 Metaspace       used 97609K, capacity 99050K, committed 100304K, reserved 1136640K
  class space    used 13096K, capacity 13680K, committed 14208K, reserved 1048576K
}
Event: 22246.324 GC heap before
{Heap before GC invocations=837 (full 33):
 garbage-first heap   total 210944K, used 151242K [0x0000000740000000, 0x0000000800000000)
  region size 1024K, 60 young (61440K), 6 survivors (6144K)
 Metaspace       used 97639K, capacity 99132K, committed 100304K, reserved 1136640K
  class space    used 13098K, capacity 13684K, committed 14208K, reserved 1048576K
}
Event: 22246.328 GC heap after
{Heap after GC invocations=838 (full 33):
 garbage-first heap   total 210944K, used 96438K [0x0000000740000000, 0x0000000800000000)
  region size 1024K, 5 young (5120K), 5 survivors (5120K)
 Metaspace       used 97639K, capacity 99132K, committed 100304K, reserved 1136640K
  class space    used 13098K, capacity 13684K, committed 14208K, reserved 1048576K
}
Event: 22246.426 GC heap before
{Heap before GC invocations=838 (full 33):
 garbage-first heap   total 210944K, used 122038K [0x0000000740000000, 0x0000000800000000)
  region size 1024K, 31 young (31744K), 5 survivors (5120K)
 Metaspace       used 97647K, capacity 99132K, committed 100304K, reserved 1136640K
  class space    used 13098K, capacity 13684K, committed 14208K, reserved 1048576K
}
Event: 22246.432 GC heap after
{Heap after GC invocations=839 (full 33):
 garbage-first heap   total 210944K, used 96808K [0x0000000740000000, 0x0000000800000000)
  region size 1024K, 5 young (5120K), 5 survivors (5120K)
 Metaspace       used 97647K, capacity 99132K, committed 100304K, reserved 1136640K
  class space    used 13098K, capacity 13684K, committed 14208K, reserved 1048576K
}
Event: 22246.451 GC heap before
{Heap before GC invocations=839 (full 33):
 garbage-first heap   total 210944K, used 98856K [0x0000000740000000, 0x0000000800000000)
  region size 1024K, 7 young (7168K), 5 survivors (5120K)
 Metaspace       used 97648K, capacity 99132K, committed 100304K, reserved 1136640K
  class space    used 13098K, capacity 13684K, committed 14208K, reserved 1048576K
}
Event: 22246.517 GC heap after
{Heap after GC invocations=840 (full 34):
 garbage-first heap   total 210944K, used 90184K [0x0000000740000000, 0x0000000800000000)
  region size 1024K, 0 young (0K), 0 survivors (0K)
 Metaspace       used 97648K, capacity 99132K, committed 100304K, reserved 1136640K
  class space    used 13098K, capacity 13684K, committed 14208K, reserved 1048576K
}
Event: 22247.849 GC heap before
{Heap before GC invocations=840 (full 34):
 garbage-first heap   total 210944K, used 152648K [0x0000000740000000, 0x0000000800000000)
  region size 1024K, 60 young (61440K), 0 survivors (0K)
 Metaspace       used 97658K, capacity 99132K, committed 100304K, reserved 1136640K
  class space    used 13098K, capacity 13684K, committed 14208K, reserved 1048576K
}
Event: 22247.852 GC heap after
{Heap after GC invocations=841 (full 34):
 garbage-first heap   total 210944K, used 92105K [0x0000000740000000, 0x0000000800000000)
  region size 1024K, 1 young (1024K), 1 survivors (1024K)
 Metaspace       used 97658K, capacity 99132K, committed 100304K, reserved 1136640K
  class space    used 13098K, capacity 13684K, committed 14208K, reserved 1048576K
}

